<?xml version="1.0" encoding="UTF-8"?>
<testng-results skipped="0" failed="0" total="2" passed="2">
  <reporter-output>
  </reporter-output>
  <suite name="Default suite" duration-ms="56304" started-at="2017-11-23T04:05:15Z" finished-at="2017-11-23T04:06:11Z">
    <groups>
    </groups>
    <test name="Default test" duration-ms="56304" started-at="2017-11-23T04:05:15Z" finished-at="2017-11-23T04:06:11Z">
      <class name="com.gorky.appiumdemo.AppiumTest">
        <test-method status="PASS" signature="beforeClass()[pri:0, instance:com.gorky.appiumdemo.AppiumTest@4883b407]" name="beforeClass" is-config="true" duration-ms="33684" started-at="2017-11-23T12:05:15Z" finished-at="2017-11-23T12:05:49Z">
          <reporter-output>
          </reporter-output>
        </test-method> <!-- beforeClass -->
        <test-method status="PASS" signature="login()[pri:0, instance:com.gorky.appiumdemo.AppiumTest@4883b407]" name="login" duration-ms="20632" started-at="2017-11-23T12:05:49Z" finished-at="2017-11-23T12:06:09Z">
          <reporter-output>
          </reporter-output>
        </test-method> <!-- login -->
        <test-method status="PASS" signature="todayCalling()[pri:0, instance:com.gorky.appiumdemo.AppiumTest@4883b407]" name="todayCalling" duration-ms="1978" started-at="2017-11-23T12:06:09Z" finished-at="2017-11-23T12:06:11Z">
          <reporter-output>
          </reporter-output>
        </test-method> <!-- todayCalling -->
        <test-method status="PASS" signature="afterClass()[pri:0, instance:com.gorky.appiumdemo.AppiumTest@4883b407]" name="afterClass" is-config="true" duration-ms="1" started-at="2017-11-23T12:06:11Z" finished-at="2017-11-23T12:06:11Z">
          <reporter-output>
          </reporter-output>
        </test-method> <!-- afterClass -->
      </class> <!-- com.gorky.appiumdemo.AppiumTest -->
    </test> <!-- Default test -->
  </suite> <!-- Default suite -->
</testng-results>
