<?xml version="1.0" encoding="UTF-8"?>
<!-- Generated by org.testng.reporters.JUnitXMLReporter -->
<testsuite hostname="GUO-PC" name="我的客户" tests="4" failures="3" timestamp="8 Dec 2017 09:15:27 GMT" time="67.995" errors="0">
  <testcase name="customerDemo" time="15.627" classname="com.gorky.appiumdemo.testcases.customer.CustomerPage_001_CustomerCase_Test"/>
  <testcase name="customerDemo" time="15.519" classname="com.gorky.appiumdemo.testcases.customer.CustomerPage_001_CustomerCase_Test">
    <failure type="org.openqa.selenium.NoSuchElementException" message="An element could not be located on the page using the given search parameters. (WARNING: The server did not provide any stacktrace information)
Command duration or timeout: 15.51 seconds
For documentation on this error, please visit: http://seleniumhq.org/exceptions/no_such_element.html
Build info: version: &amp;apos;2.44.0&amp;apos;, revision: &amp;apos;76d78cf&amp;apos;, time: &amp;apos;2014-10-23 20:02:37&amp;apos;
System info: host: &amp;apos;GUO-PC&amp;apos;, ip: &amp;apos;169.254.235.171&amp;apos;, os.name: &amp;apos;Windows 7&amp;apos;, os.arch: &amp;apos;amd64&amp;apos;, os.version: &amp;apos;6.1&amp;apos;, java.version: &amp;apos;1.8.0_151&amp;apos;
Driver info: io.appium.java_client.android.AndroidDriver
Capabilities [{app=F:\appiumTest\appiumdemo\res\app\laikebao-app-release-1129-3.apk, appPackage=cn.jufuns.laikebao, networkConnectionEnabled=true, warnings={}, databaseEnabled=false, deviceName=741AECQK26845, platform=LINUX, appActivity=cn.jufuns.laikebao.activity.LoginActivity, desired={app=F:\appiumTest\appiumdemo\res\app\laikebao-app-release-1129-3.apk, appPackage=cn.jufuns.laikebao, appActivity=cn.jufuns.laikebao.activity.LoginActivity, platformVersion=6.0.1, automationName=null, sessionOverride=true, unicodeKeyboard=true, platformName=Android, deviceName=meizu, resetKeyboard=true}, platformVersion=6.0.1, webStorageEnabled=false, locationContextEnabled=false, automationName=null, browserName=Android, takesScreenshot=true, javascriptEnabled=true, sessionOverride=true, unicodeKeyboard=true, platformName=Android, resetKeyboard=true}]
Session ID: 1c5ce25a-5b23-4452-8e9e-e3f27240b0d8">
      <![CDATA[org.openqa.selenium.NoSuchElementException: An element could not be located on the page using the given search parameters. (WARNING: The server did not provide any stacktrace information)
Command duration or timeout: 15.51 seconds
For documentation on this error, please visit: http://seleniumhq.org/exceptions/no_such_element.html
Build info: version: '2.44.0', revision: '76d78cf', time: '2014-10-23 20:02:37'
System info: host: 'GUO-PC', ip: '169.254.235.171', os.name: 'Windows 7', os.arch: 'amd64', os.version: '6.1', java.version: '1.8.0_151'
Driver info: io.appium.java_client.android.AndroidDriver
Capabilities [{app=F:\appiumTest\appiumdemo\res\app\laikebao-app-release-1129-3.apk, appPackage=cn.jufuns.laikebao, networkConnectionEnabled=true, warnings={}, databaseEnabled=false, deviceName=741AECQK26845, platform=LINUX, appActivity=cn.jufuns.laikebao.activity.LoginActivity, desired={app=F:\appiumTest\appiumdemo\res\app\laikebao-app-release-1129-3.apk, appPackage=cn.jufuns.laikebao, appActivity=cn.jufuns.laikebao.activity.LoginActivity, platformVersion=6.0.1, automationName=null, sessionOverride=true, unicodeKeyboard=true, platformName=Android, deviceName=meizu, resetKeyboard=true}, platformVersion=6.0.1, webStorageEnabled=false, locationContextEnabled=false, automationName=null, browserName=Android, takesScreenshot=true, javascriptEnabled=true, sessionOverride=true, unicodeKeyboard=true, platformName=Android, resetKeyboard=true}]
Session ID: 1c5ce25a-5b23-4452-8e9e-e3f27240b0d8
	at org.openqa.selenium.remote.ErrorHandler.createThrowable(ErrorHandler.java:204)
	at org.openqa.selenium.remote.ErrorHandler.throwIfResponseFailed(ErrorHandler.java:156)
	at org.openqa.selenium.remote.RemoteWebDriver.execute(RemoteWebDriver.java:599)
	at io.appium.java_client.AppiumDriver.execute(AppiumDriver.java:176)
	at org.openqa.selenium.remote.RemoteWebDriver.findElement(RemoteWebDriver.java:352)
	at org.openqa.selenium.remote.RemoteWebDriver.findElementById(RemoteWebDriver.java:393)
	at org.openqa.selenium.By$ById.findElement(By.java:214)
	at org.openqa.selenium.remote.RemoteWebDriver.findElement(RemoteWebDriver.java:344)
	at com.gorky.appiumdemo.utils.AppiumUtil.findElement(AppiumUtil.java:90)
	at com.gorky.appiumdemo.utils.AppiumUtil.doesElementsExist(AppiumUtil.java:412)
	at com.gorky.appiumdemo.testcases.customer.CustomerPage_001_CustomerCase_Test.customerDemo(CustomerPage_001_CustomerCase_Test.java:26)
	at java.util.concurrent.FutureTask.run(Unknown Source)
	at java.util.concurrent.ThreadPoolExecutor.runWorker(Unknown Source)
	at java.util.concurrent.ThreadPoolExecutor$Worker.run(Unknown Source)
	at java.lang.Thread.run(Unknown Source)
... Removed 20 stack frames]]>
    </failure>
  </testcase> <!-- customerDemo -->
  <testcase name="customerDemo" time="15.118" classname="com.gorky.appiumdemo.testcases.customer.CustomerPage_001_CustomerCase_Test">
    <failure type="org.openqa.selenium.NoSuchElementException" message="An element could not be located on the page using the given search parameters. (WARNING: The server did not provide any stacktrace information)
Command duration or timeout: 15.11 seconds
For documentation on this error, please visit: http://seleniumhq.org/exceptions/no_such_element.html
Build info: version: &amp;apos;2.44.0&amp;apos;, revision: &amp;apos;76d78cf&amp;apos;, time: &amp;apos;2014-10-23 20:02:37&amp;apos;
System info: host: &amp;apos;GUO-PC&amp;apos;, ip: &amp;apos;169.254.235.171&amp;apos;, os.name: &amp;apos;Windows 7&amp;apos;, os.arch: &amp;apos;amd64&amp;apos;, os.version: &amp;apos;6.1&amp;apos;, java.version: &amp;apos;1.8.0_151&amp;apos;
Driver info: io.appium.java_client.android.AndroidDriver
Capabilities [{app=F:\appiumTest\appiumdemo\res\app\laikebao-app-release-1129-3.apk, appPackage=cn.jufuns.laikebao, networkConnectionEnabled=true, warnings={}, databaseEnabled=false, deviceName=741AECQK26845, platform=LINUX, appActivity=cn.jufuns.laikebao.activity.LoginActivity, desired={app=F:\appiumTest\appiumdemo\res\app\laikebao-app-release-1129-3.apk, appPackage=cn.jufuns.laikebao, appActivity=cn.jufuns.laikebao.activity.LoginActivity, platformVersion=6.0.1, automationName=null, sessionOverride=true, unicodeKeyboard=true, platformName=Android, deviceName=meizu, resetKeyboard=true}, platformVersion=6.0.1, webStorageEnabled=false, locationContextEnabled=false, automationName=null, browserName=Android, takesScreenshot=true, javascriptEnabled=true, sessionOverride=true, unicodeKeyboard=true, platformName=Android, resetKeyboard=true}]
Session ID: 1c5ce25a-5b23-4452-8e9e-e3f27240b0d8">
      <![CDATA[org.openqa.selenium.NoSuchElementException: An element could not be located on the page using the given search parameters. (WARNING: The server did not provide any stacktrace information)
Command duration or timeout: 15.11 seconds
For documentation on this error, please visit: http://seleniumhq.org/exceptions/no_such_element.html
Build info: version: '2.44.0', revision: '76d78cf', time: '2014-10-23 20:02:37'
System info: host: 'GUO-PC', ip: '169.254.235.171', os.name: 'Windows 7', os.arch: 'amd64', os.version: '6.1', java.version: '1.8.0_151'
Driver info: io.appium.java_client.android.AndroidDriver
Capabilities [{app=F:\appiumTest\appiumdemo\res\app\laikebao-app-release-1129-3.apk, appPackage=cn.jufuns.laikebao, networkConnectionEnabled=true, warnings={}, databaseEnabled=false, deviceName=741AECQK26845, platform=LINUX, appActivity=cn.jufuns.laikebao.activity.LoginActivity, desired={app=F:\appiumTest\appiumdemo\res\app\laikebao-app-release-1129-3.apk, appPackage=cn.jufuns.laikebao, appActivity=cn.jufuns.laikebao.activity.LoginActivity, platformVersion=6.0.1, automationName=null, sessionOverride=true, unicodeKeyboard=true, platformName=Android, deviceName=meizu, resetKeyboard=true}, platformVersion=6.0.1, webStorageEnabled=false, locationContextEnabled=false, automationName=null, browserName=Android, takesScreenshot=true, javascriptEnabled=true, sessionOverride=true, unicodeKeyboard=true, platformName=Android, resetKeyboard=true}]
Session ID: 1c5ce25a-5b23-4452-8e9e-e3f27240b0d8
	at org.openqa.selenium.remote.ErrorHandler.createThrowable(ErrorHandler.java:204)
	at org.openqa.selenium.remote.ErrorHandler.throwIfResponseFailed(ErrorHandler.java:156)
	at org.openqa.selenium.remote.RemoteWebDriver.execute(RemoteWebDriver.java:599)
	at io.appium.java_client.AppiumDriver.execute(AppiumDriver.java:176)
	at org.openqa.selenium.remote.RemoteWebDriver.findElement(RemoteWebDriver.java:352)
	at org.openqa.selenium.remote.RemoteWebDriver.findElementById(RemoteWebDriver.java:393)
	at org.openqa.selenium.By$ById.findElement(By.java:214)
	at org.openqa.selenium.remote.RemoteWebDriver.findElement(RemoteWebDriver.java:344)
	at com.gorky.appiumdemo.utils.AppiumUtil.findElement(AppiumUtil.java:90)
	at com.gorky.appiumdemo.utils.AppiumUtil.doesElementsExist(AppiumUtil.java:412)
	at com.gorky.appiumdemo.testcases.customer.CustomerPage_001_CustomerCase_Test.customerDemo(CustomerPage_001_CustomerCase_Test.java:26)
	at java.util.concurrent.FutureTask.run(Unknown Source)
	at java.util.concurrent.ThreadPoolExecutor.runWorker(Unknown Source)
	at java.util.concurrent.ThreadPoolExecutor$Worker.run(Unknown Source)
	at java.lang.Thread.run(Unknown Source)
... Removed 20 stack frames]]>
    </failure>
  </testcase> <!-- customerDemo -->
  <testcase name="customerDemo" time="63.086" classname="com.gorky.appiumdemo.testcases.customer.CustomerPage_001_CustomerCase_Test">
    <failure type="java.lang.ArrayIndexOutOfBoundsException" message="0">
      <![CDATA[java.lang.ArrayIndexOutOfBoundsException: 0
	at com.gorky.appiumdemo.utils.ExcelDataProvider.hasNext(ExcelDataProvider.java:84)
	at java.util.concurrent.FutureTask.run(Unknown Source)
	at java.util.concurrent.ThreadPoolExecutor.runWorker(Unknown Source)
	at java.util.concurrent.ThreadPoolExecutor$Worker.run(Unknown Source)
	at java.lang.Thread.run(Unknown Source)
... Removed 9 stack frames]]>
    </failure>
  </testcase> <!-- customerDemo -->
</testsuite> <!-- 我的客户 -->
